2025-08-13 16:09:01 - Site está OFFLINE.
2025-08-13 16:09:01 - Serviço nginx está OFFLINE. Tentando reiniciar...
2025-08-13 16:09:12 - Serviço nginx reiniciado com sucesso e está ONLINE.
2025-08-14 14:10:01 - Site está OFFLINE.
2025-08-14 14:10:01 - Serviço nginx está OFFLINE. Tentando reiniciar...
2025-08-14 14:10:12 - Serviço nginx reiniciado com sucesso e está ONLINE.
2025-08-14 16:03:01 - Site está OFFLINE.
2025-08-14 16:03:02 - Serviço nginx está OFFLINE. Tentando reiniciar...
2025-08-14 16:03:12 - Serviço nginx ainda está OFFLINE após reinício.
2025-08-14 16:04:01 - Serviço nginx está OFFLINE. Tentando reiniciar...
2025-08-14 16:04:11 - Serviço nginx ainda está OFFLINE após reinício.
2025-08-14 16:05:01 - Serviço nginx está OFFLINE. Tentando reiniciar...
2025-08-14 16:05:11 - Serviço nginx ainda está OFFLINE após reinício.
2025-08-14 16:06:00 - Serviço nginx está OFFLINE. Tentando reiniciar...
2025-08-14 16:06:11 - Serviço nginx ainda está OFFLINE após reinício.
2025-08-14 16:07:01 - Serviço nginx está OFFLINE. Tentando reiniciar...
2025-08-14 16:07:12 - Serviço nginx ainda está OFFLINE após reinício.
2025-08-14 16:08:01 - Serviço nginx está OFFLINE. Tentando reiniciar...
2025-08-14 16:08:11 - Serviço nginx reiniciado com sucesso e está ONLINE.
2025-08-14 16:37:01 - Site está OFFLINE.
2025-08-14 16:37:02 - Serviço nginx está OFFLINE. Tentando reiniciar...
2025-08-14 16:37:12 - Serviço nginx ainda está OFFLINE após reinício.
2025-08-14 16:38:27 - Serviço nginx está OFFLINE. Tentando reiniciar...
2025-08-14 16:38:11 - Serviço nginx ainda está OFFLINE após reinício.
2025-08-14 16:39:02 - Serviço nginx está OFFLINE. Tentando reiniciar...
2025-08-14 16:39:12 - Serviço nginx ainda está OFFLINE após reinício.
2025-08-14 16:40:01 - Serviço nginx está OFFLINE. Tentando reiniciar...
2025-08-14 16:40:12 - Serviço nginx ainda está OFFLINE após reinício.
2025-08-14 16:41:01 - Serviço nginx está OFFLINE. Tentando reiniciar...
2025-08-14 16:41:12 - Serviço nginx ainda está OFFLINE após reinício.
2025-08-14 16:42:02 - Serviço nginx está OFFLINE. Tentando reiniciar...
2025-08-14 16:42:12 - Serviço nginx ainda está OFFLINE após reinício.
2025-08-14 16:43:02 - Serviço nginx está OFFLINE. Tentando reiniciar...
2025-08-14 16:43:12 - Serviço nginx ainda está OFFLINE após reinício.
2025-08-14 16:44:27 - Serviço nginx está OFFLINE. Tentando reiniciar...
2025-08-14 16:44:11 - Serviço nginx ainda está OFFLINE após reinício.
2025-08-14 16:45:01 - Serviço nginx está OFFLINE. Tentando reiniciar...
2025-08-14 16:45:12 - Serviço nginx ainda está OFFLINE após reinício.
2025-08-14 16:46:00 - Serviço nginx está OFFLINE. Tentando reiniciar...
2025-08-14 16:46:37 - Serviço nginx ainda está OFFLINE após reinício.
2025-08-14 16:47:01 - Serviço nginx está OFFLINE. Tentando reiniciar...
2025-08-14 16:47:12 - Serviço nginx ainda está OFFLINE após reinício.
2025-08-14 16:48:01 - Serviço nginx está OFFLINE. Tentando reiniciar...
2025-08-14 16:48:12 - Serviço nginx ainda está OFFLINE após reinício.
2025-08-14 16:49:01 - Serviço nginx está OFFLINE. Tentando reiniciar...
2025-08-14 16:49:12 - Serviço nginx ainda está OFFLINE após reinício.
2025-08-14 16:50:02 - Serviço nginx está OFFLINE. Tentando reiniciar...
2025-08-14 16:50:12 - Serviço nginx ainda está OFFLINE após reinício.
2025-08-14 16:51:27 - Serviço nginx está OFFLINE. Tentando reiniciar...
2025-08-14 16:51:38 - Serviço nginx ainda está OFFLINE após reinício.
2025-08-14 16:52:01 - Serviço nginx está OFFLINE. Tentando reiniciar...
2025-08-14 16:52:12 - Serviço nginx ainda está OFFLINE após reinício.
2025-08-14 16:53:28 - Serviço nginx está OFFLINE. Tentando reiniciar...
2025-08-14 16:53:11 - Serviço nginx ainda está OFFLINE após reinício.
2025-08-14 16:54:01 - Serviço nginx está OFFLINE. Tentando reiniciar...
2025-08-14 16:54:11 - Serviço nginx ainda está OFFLINE após reinício.
2025-08-14 16:55:00 - Serviço nginx está OFFLINE. Tentando reiniciar...
2025-08-14 16:55:11 - Serviço nginx ainda está OFFLINE após reinício.
2025-08-14 16:56:28 - Serviço nginx está OFFLINE. Tentando reiniciar...
2025-08-14 16:56:12 - Serviço nginx ainda está OFFLINE após reinício.
2025-08-14 16:57:28 - Serviço nginx está OFFLINE. Tentando reiniciar...
2025-08-14 16:57:12 - Serviço nginx ainda está OFFLINE após reinício.
2025-08-14 16:58:28 - Serviço nginx está OFFLINE. Tentando reiniciar...
2025-08-14 16:58:11 - Serviço nginx ainda está OFFLINE após reinício.
2025-08-14 16:59:28 - Serviço nginx está OFFLINE. Tentando reiniciar...
2025-08-14 16:59:11 - Serviço nginx ainda está OFFLINE após reinício.
2025-08-14 17:00:01 - Serviço nginx está OFFLINE. Tentando reiniciar...
2025-08-14 17:00:11 - Serviço nginx ainda está OFFLINE após reinício.
2025-08-14 17:01:01 - Serviço nginx está OFFLINE. Tentando reiniciar...
2025-08-14 17:01:38 - Serviço nginx ainda está OFFLINE após reinício.
2025-08-14 17:02:02 - Serviço nginx está OFFLINE. Tentando reiniciar...
2025-08-14 17:02:12 - Serviço nginx ainda está OFFLINE após reinício.
2025-08-14 17:03:28 - Serviço nginx está OFFLINE. Tentando reiniciar...
2025-08-14 17:03:12 - Serviço nginx ainda está OFFLINE após reinício.
2025-08-14 17:04:01 - Serviço nginx está OFFLINE. Tentando reiniciar...
2025-08-14 17:04:12 - Serviço nginx ainda está OFFLINE após reinício.
2025-08-14 17:05:01 - Serviço nginx está OFFLINE. Tentando reiniciar...
2025-08-14 17:05:11 - Serviço nginx ainda está OFFLINE após reinício.
2025-08-14 17:06:01 - Serviço nginx está OFFLINE. Tentando reiniciar...
2025-08-14 17:06:11 - Serviço nginx ainda está OFFLINE após reinício.
2025-08-14 17:07:01 - Serviço nginx está OFFLINE. Tentando reiniciar...
2025-08-14 17:07:11 - Serviço nginx ainda está OFFLINE após reinício.
2025-08-14 17:08:01 - Serviço nginx está OFFLINE. Tentando reiniciar...
2025-08-14 17:08:11 - Serviço nginx ainda está OFFLINE após reinício.
2025-08-14 17:09:01 - Serviço nginx está OFFLINE. Tentando reiniciar...
2025-08-14 17:09:12 - Serviço nginx ainda está OFFLINE após reinício.
2025-08-14 17:10:01 - Serviço nginx está OFFLINE. Tentando reiniciar...
2025-08-14 17:10:39 - Serviço nginx ainda está OFFLINE após reinício.
2025-08-14 17:11:00 - Serviço nginx está OFFLINE. Tentando reiniciar...
2025-08-14 17:11:11 - Serviço nginx ainda está OFFLINE após reinício.
2025-08-14 17:12:00 - Serviço nginx está OFFLINE. Tentando reiniciar...
2025-08-14 17:12:11 - Serviço nginx ainda está OFFLINE após reinício.
2025-08-14 17:13:01 - Serviço nginx está OFFLINE. Tentando reiniciar...
2025-08-14 17:13:11 - Serviço nginx ainda está OFFLINE após reinício.
2025-08-14 17:14:01 - Serviço nginx está OFFLINE. Tentando reiniciar...
2025-08-14 17:14:12 - Serviço nginx ainda está OFFLINE após reinício.
2025-08-14 17:15:01 - Serviço nginx está OFFLINE. Tentando reiniciar...
2025-08-14 17:15:12 - Serviço nginx ainda está OFFLINE após reinício.
2025-08-14 17:16:01 - Serviço nginx está OFFLINE. Tentando reiniciar...
2025-08-14 17:16:11 - Serviço nginx ainda está OFFLINE após reinício.
2025-08-14 17:17:01 - Serviço nginx está OFFLINE. Tentando reiniciar...
2025-08-14 17:17:12 - Serviço nginx ainda está OFFLINE após reinício.
2025-08-14 17:18:01 - Serviço nginx está OFFLINE. Tentando reiniciar...
2025-08-14 17:18:11 - Serviço nginx ainda está OFFLINE após reinício.
2025-08-14 17:19:01 - Serviço nginx está OFFLINE. Tentando reiniciar...
2025-08-14 17:19:11 - Serviço nginx ainda está OFFLINE após reinício.
2025-08-14 17:20:01 - Serviço nginx está OFFLINE. Tentando reiniciar...
2025-08-14 17:20:11 - Serviço nginx ainda está OFFLINE após reinício.
2025-08-14 17:21:01 - Serviço nginx está OFFLINE. Tentando reiniciar...
2025-08-14 17:21:12 - Serviço nginx ainda está OFFLINE após reinício.
2025-08-14 17:22:01 - Serviço nginx está OFFLINE. Tentando reiniciar...
2025-08-14 17:22:12 - Serviço nginx ainda está OFFLINE após reinício.
2025-08-14 17:23:01 - Serviço nginx está OFFLINE. Tentando reiniciar...
2025-08-14 17:23:12 - Serviço nginx ainda está OFFLINE após reinício.
2025-08-14 17:24:01 - Serviço nginx está OFFLINE. Tentando reiniciar...
2025-08-14 17:24:12 - Serviço nginx ainda está OFFLINE após reinício.
2025-08-14 17:25:01 - Serviço nginx está OFFLINE. Tentando reiniciar...
2025-08-14 17:25:12 - Serviço nginx ainda está OFFLINE após reinício.
2025-08-14 17:26:01 - Serviço nginx está OFFLINE. Tentando reiniciar...
2025-08-14 17:26:11 - Serviço nginx ainda está OFFLINE após reinício.
2025-08-14 17:27:01 - Serviço nginx está OFFLINE. Tentando reiniciar...
2025-08-14 17:27:11 - Serviço nginx ainda está OFFLINE após reinício.
2025-08-14 17:28:01 - Serviço nginx está OFFLINE. Tentando reiniciar...
2025-08-14 17:28:11 - Serviço nginx ainda está OFFLINE após reinício.
2025-08-14 17:29:01 - Serviço nginx está OFFLINE. Tentando reiniciar...
2025-08-14 17:29:11 - Serviço nginx ainda está OFFLINE após reinício.
2025-08-14 17:30:01 - Site está ONLINE.
2025-08-15 14:51:01 - Site está OFFLINE.
2025-08-15 14:51:02 - Serviço nginx está OFFLINE. Tentando reiniciar...
2025-08-15 14:51:13 - Serviço nginx reiniciado com sucesso e está ONLINE.
2025-08-18 15:14:01 - Site está OFFLINE.
2025-08-18 15:14:01 - Serviço nginx está OFFLINE. Tentando reiniciar...
2025-08-18 15:14:13 - Serviço nginx reiniciado com sucesso e está ONLINE.
2025-08-18 15:19:01 - Site está OFFLINE.
2025-08-18 15:19:01 - Serviço nginx está OFFLINE. Tentando reiniciar...
2025-08-18 15:19:12 - Serviço nginx reiniciado com sucesso e está ONLINE.
2025-08-18 15:40:01 - Site está OFFLINE.
2025-08-18 15:40:02 - Serviço nginx está OFFLINE. Tentando reiniciar...
2025-08-18 15:40:12 - Serviço nginx reiniciado com sucesso e está ONLINE.
